<?xml version="1.0" encoding="UTF-8"?>
<coverage generated="1646340131458" clover="3.2.0">
  <project timestamp="1646340131459" name="All files">
    <metrics statements="86" coveredstatements="23" conditionals="15" coveredconditionals="0" methods="17" coveredmethods="1" elements="118" coveredelements="24" complexity="0" loc="86" ncloc="86" packages="4" files="7" classes="7"/>
    <package name="Context">
      <metrics statements="9" coveredstatements="2" conditionals="2" coveredconditionals="0" methods="3" coveredmethods="0"/>
      <file name="authContext.js" path="C:\Users\scaty\Dropbox\Javascript\03_Node_Matt\06_Old_Thonrtonians\ot_node_server\client\src\Context\authContext.js">
        <metrics statements="9" coveredstatements="2" conditionals="2" coveredconditionals="0" methods="3" coveredmethods="0"/>
        <line num="3" count="1" type="stmt"/>
        <line num="5" count="1" type="stmt"/>
        <line num="6" count="0" type="stmt"/>
        <line num="8" count="0" type="stmt"/>
        <line num="9" count="0" type="stmt"/>
        <line num="10" count="0" type="stmt"/>
        <line num="14" count="0" type="stmt"/>
        <line num="29" count="0" type="stmt"/>
        <line num="30" count="0" type="stmt"/>
      </file>
    </package>
    <package name="components.Games.CreateGame">
      <metrics statements="25" coveredstatements="10" conditionals="8" coveredconditionals="0" methods="5" coveredmethods="1"/>
      <file name="CreateGame.js" path="C:\Users\scaty\Dropbox\Javascript\03_Node_Matt\06_Old_Thonrtonians\ot_node_server\client\src\components\Games\CreateGame\CreateGame.js">
        <metrics statements="25" coveredstatements="10" conditionals="8" coveredconditionals="0" methods="5" coveredmethods="1"/>
        <line num="10" count="1" type="stmt"/>
        <line num="11" count="3" type="stmt"/>
        <line num="12" count="2" type="stmt"/>
        <line num="13" count="2" type="stmt"/>
        <line num="14" count="0" type="stmt"/>
        <line num="15" count="0" type="stmt"/>
        <line num="17" count="0" type="stmt"/>
        <line num="18" count="0" type="stmt"/>
        <line num="20" count="0" type="stmt"/>
        <line num="21" count="0" type="stmt"/>
        <line num="22" count="0" type="stmt"/>
        <line num="24" count="0" type="stmt"/>
        <line num="25" count="0" type="stmt"/>
        <line num="26" count="0" type="stmt"/>
        <line num="28" count="0" type="stmt"/>
        <line num="29" count="0" type="stmt"/>
        <line num="33" count="0" type="stmt"/>
        <line num="36" count="0" type="stmt"/>
        <line num="56" count="1" type="stmt"/>
        <line num="62" count="1" type="stmt"/>
        <line num="79" count="1" type="stmt"/>
        <line num="84" count="1" type="stmt"/>
        <line num="96" count="1" type="stmt"/>
        <line num="104" count="0" type="cond" truecount="0" falsecount="2"/>
        <line num="114" count="1" type="stmt"/>
      </file>
    </package>
    <package name="components.Login">
      <metrics statements="46" coveredstatements="7" conditionals="5" coveredconditionals="0" methods="7" coveredmethods="0"/>
      <file name="Error.js" path="C:\Users\scaty\Dropbox\Javascript\03_Node_Matt\06_Old_Thonrtonians\ot_node_server\client\src\components\Login\Error.js">
        <metrics statements="3" coveredstatements="2" conditionals="0" coveredconditionals="0" methods="1" coveredmethods="0"/>
        <line num="4" count="1" type="stmt"/>
        <line num="5" count="0" type="stmt"/>
        <line num="12" count="1" type="stmt"/>
      </file>
      <file name="Errors.js" path="C:\Users\scaty\Dropbox\Javascript\03_Node_Matt\06_Old_Thonrtonians\ot_node_server\client\src\components\Login\Errors.js">
        <metrics statements="8" coveredstatements="1" conditionals="2" coveredconditionals="0" methods="2" coveredmethods="0"/>
        <line num="4" count="1" type="stmt"/>
        <line num="5" count="0" type="stmt"/>
        <line num="8" count="0" type="cond" truecount="0" falsecount="2"/>
        <line num="9" count="0" type="stmt"/>
        <line num="11" count="0" type="stmt"/>
        <line num="12" count="0" type="stmt"/>
        <line num="13" count="0" type="stmt"/>
        <line num="17" count="0" type="stmt"/>
      </file>
      <file name="authHelpers.js" path="C:\Users\scaty\Dropbox\Javascript\03_Node_Matt\06_Old_Thonrtonians\ot_node_server\client\src\components\Login\authHelpers.js">
        <metrics statements="35" coveredstatements="4" conditionals="3" coveredconditionals="0" methods="4" coveredmethods="0"/>
        <line num="3" count="1" type="stmt"/>
        <line num="4" count="0" type="stmt"/>
        <line num="5" count="0" type="stmt"/>
        <line num="7" count="0" type="stmt"/>
        <line num="8" count="0" type="stmt"/>
        <line num="10" count="0" type="stmt"/>
        <line num="12" count="0" type="stmt"/>
        <line num="14" count="0" type="stmt"/>
        <line num="18" count="1" type="stmt"/>
        <line num="19" count="0" type="stmt"/>
        <line num="20" count="0" type="stmt"/>
        <line num="22" count="0" type="stmt"/>
        <line num="23" count="0" type="stmt"/>
        <line num="25" count="0" type="stmt"/>
        <line num="27" count="0" type="stmt"/>
        <line num="29" count="0" type="stmt"/>
        <line num="33" count="1" type="stmt"/>
        <line num="34" count="0" type="stmt"/>
        <line num="36" count="0" type="stmt"/>
        <line num="37" count="0" type="stmt"/>
        <line num="39" count="0" type="stmt"/>
        <line num="40" count="0" type="stmt"/>
        <line num="42" count="0" type="stmt"/>
        <line num="46" count="1" type="stmt"/>
        <line num="47" count="0" type="stmt"/>
        <line num="49" count="0" type="stmt"/>
        <line num="52" count="0" type="cond" truecount="0" falsecount="3"/>
        <line num="54" count="0" type="stmt"/>
        <line num="55" count="0" type="stmt"/>
        <line num="57" count="0" type="stmt"/>
        <line num="58" count="0" type="stmt"/>
        <line num="60" count="0" type="stmt"/>
        <line num="63" count="0" type="stmt"/>
        <line num="64" count="0" type="stmt"/>
        <line num="66" count="0" type="stmt"/>
      </file>
    </package>
    <package name="components.Utilities">
      <metrics statements="6" coveredstatements="4" conditionals="0" coveredconditionals="0" methods="2" coveredmethods="0"/>
      <file name="Button.js" path="C:\Users\scaty\Dropbox\Javascript\03_Node_Matt\06_Old_Thonrtonians\ot_node_server\client\src\components\Utilities\Button.js">
        <metrics statements="3" coveredstatements="2" conditionals="0" coveredconditionals="0" methods="1" coveredmethods="0"/>
        <line num="4" count="1" type="stmt"/>
        <line num="5" count="0" type="stmt"/>
        <line num="12" count="1" type="stmt"/>
      </file>
      <file name="FormTitle.js" path="C:\Users\scaty\Dropbox\Javascript\03_Node_Matt\06_Old_Thonrtonians\ot_node_server\client\src\components\Utilities\FormTitle.js">
        <metrics statements="3" coveredstatements="2" conditionals="0" coveredconditionals="0" methods="1" coveredmethods="0"/>
        <line num="4" count="1" type="stmt"/>
        <line num="5" count="0" type="stmt"/>
        <line num="12" count="1" type="stmt"/>
      </file>
    </package>
  </project>
</coverage>
