{"C:\\Users\\scaty\\Dropbox\\Javascript\\03_Node_Matt\\06_Old_Thonrtonians\\ot_node_server\\client\\src\\Context\\authContext.js": {"path":"C:\\Users\\scaty\\Dropbox\\Javascript\\03_Node_Matt\\06_Old_Thonrtonians\\ot_node_server\\client\\src\\Context\\authContext.js","statementMap":{"0":{"start":{"line":3,"column":20},"end":{"line":3,"column":35}},"1":{"start":{"line":5,"column":35},"end":{"line":31,"column":1}},"2":{"start":{"line":6,"column":24},"end":{"line":6,"column":41}},"3":{"start":{"line":8,"column":31},"end":{"line":12,"column":5}},"4":{"start":{"line":9,"column":8},"end":{"line":11,"column":11}},"5":{"start":{"line":10,"column":12},"end":{"line":10,"column":49}},"6":{"start":{"line":14,"column":36},"end":{"line":27,"column":6}},"7":{"start":{"line":29,"column":4},"end":{"line":29,"column":42}},"8":{"start":{"line":30,"column":4},"end":{"line":30,"column":90}}},"fnMap":{"0":{"name":"(anonymous_0)","decl":{"start":{"line":5,"column":35},"end":{"line":5,"column":36}},"loc":{"start":{"line":5,"column":44},"end":{"line":31,"column":1}},"line":5},"1":{"name":"(anonymous_1)","decl":{"start":{"line":8,"column":31},"end":{"line":8,"column":32}},"loc":{"start":{"line":8,"column":43},"end":{"line":12,"column":5}},"line":8},"2":{"name":"(anonymous_2)","decl":{"start":{"line":9,"column":20},"end":{"line":9,"column":21}},"loc":{"start":{"line":9,"column":33},"end":{"line":11,"column":9}},"line":9}},"branchMap":{"0":{"loc":{"start":{"line":23,"column":19},"end":{"line":23,"column":51}},"type":"cond-expr","locations":[{"start":{"line":23,"column":39},"end":{"line":23,"column":43}},{"start":{"line":23,"column":46},"end":{"line":23,"column":51}}],"line":23}},"s":{"0":1,"1":1,"2":0,"3":0,"4":0,"5":0,"6":0,"7":0,"8":0},"f":{"0":0,"1":0,"2":0},"b":{"0":[0,0]},"_coverageSchema":"1a1c01bbd47fc00a2c39e90264f33305004495a9","hash":"2a53149fbd36fac8b3ccfeabecb887fb8d3fd78d"}
,"C:\\Users\\scaty\\Dropbox\\Javascript\\03_Node_Matt\\06_Old_Thonrtonians\\ot_node_server\\client\\src\\components\\Games\\CreateGame\\CreateGame.js": {"path":"C:\\Users\\scaty\\Dropbox\\Javascript\\03_Node_Matt\\06_Old_Thonrtonians\\ot_node_server\\client\\src\\components\\Games\\CreateGame\\CreateGame.js","statementMap":{"0":{"start":{"line":10,"column":26},"end":{"line":54,"column":1}},"1":{"start":{"line":11,"column":45},"end":{"line":11,"column":68}},"2":{"start":{"line":12,"column":27},"end":{"line":12,"column":69}},"3":{"start":{"line":13,"column":21},"end":{"line":13,"column":34}},"4":{"start":{"line":14,"column":21},"end":{"line":14,"column":33}},"5":{"start":{"line":15,"column":21},"end":{"line":15,"column":33}},"6":{"start":{"line":17,"column":21},"end":{"line":31,"column":5}},"7":{"start":{"line":18,"column":8},"end":{"line":18,"column":27}},"8":{"start":{"line":20,"column":21},"end":{"line":20,"column":43}},"9":{"start":{"line":21,"column":21},"end":{"line":21,"column":43}},"10":{"start":{"line":22,"column":25},"end":{"line":22,"column":59}},"11":{"start":{"line":24,"column":8},"end":{"line":30,"column":9}},"12":{"start":{"line":25,"column":12},"end":{"line":25,"column":78}},"13":{"start":{"line":26,"column":12},"end":{"line":26,"column":35}},"14":{"start":{"line":28,"column":12},"end":{"line":28,"column":29}},"15":{"start":{"line":29,"column":12},"end":{"line":29,"column":72}},"16":{"start":{"line":33,"column":4},"end":{"line":53,"column":6}},"17":{"start":{"line":36,"column":47},"end":{"line":36,"column":58}},"18":{"start":{"line":56,"column":18},"end":{"line":60,"column":1}},"19":{"start":{"line":62,"column":23},"end":{"line":77,"column":1}},"20":{"start":{"line":79,"column":14},"end":{"line":82,"column":1}},"21":{"start":{"line":84,"column":13},"end":{"line":94,"column":1}},"22":{"start":{"line":96,"column":14},"end":{"line":112,"column":1}},"23":{"start":{"line":96,"column":43},"end":{"line":99,"column":1}},"24":{"start":{"line":104,"column":24},"end":{"line":104,"column":71}},"25":{"start":{"line":114,"column":15},"end":{"line":130,"column":1}}},"fnMap":{"0":{"name":"(anonymous_0)","decl":{"start":{"line":10,"column":26},"end":{"line":10,"column":27}},"loc":{"start":{"line":10,"column":35},"end":{"line":54,"column":1}},"line":10},"1":{"name":"(anonymous_1)","decl":{"start":{"line":17,"column":21},"end":{"line":17,"column":22}},"loc":{"start":{"line":17,"column":32},"end":{"line":31,"column":5}},"line":17},"2":{"name":"(anonymous_2)","decl":{"start":{"line":36,"column":42},"end":{"line":36,"column":43}},"loc":{"start":{"line":36,"column":47},"end":{"line":36,"column":58}},"line":36},"3":{"name":"(anonymous_3)","decl":{"start":{"line":96,"column":33},"end":{"line":96,"column":34}},"loc":{"start":{"line":96,"column":43},"end":{"line":99,"column":1}},"line":96},"4":{"name":"(anonymous_4)","decl":{"start":{"line":104,"column":14},"end":{"line":104,"column":15}},"loc":{"start":{"line":104,"column":24},"end":{"line":104,"column":71}},"line":104}},"branchMap":{"0":{"loc":{"start":{"line":38,"column":21},"end":{"line":38,"column":64}},"type":"binary-expr","locations":[{"start":{"line":38,"column":21},"end":{"line":38,"column":30}},{"start":{"line":38,"column":34},"end":{"line":38,"column":64}}],"line":38},"1":{"loc":{"start":{"line":97,"column":10},"end":{"line":97,"column":30}},"type":"binary-expr","locations":[{"start":{"line":97,"column":10},"end":{"line":97,"column":20}},{"start":{"line":97,"column":24},"end":{"line":97,"column":30}}],"line":97},"2":{"loc":{"start":{"line":98,"column":17},"end":{"line":98,"column":51}},"type":"binary-expr","locations":[{"start":{"line":98,"column":17},"end":{"line":98,"column":34}},{"start":{"line":98,"column":38},"end":{"line":98,"column":51}}],"line":98},"3":{"loc":{"start":{"line":104,"column":24},"end":{"line":104,"column":71}},"type":"cond-expr","locations":[{"start":{"line":104,"column":47},"end":{"line":104,"column":62}},{"start":{"line":104,"column":65},"end":{"line":104,"column":71}}],"line":104}},"s":{"0":1,"1":3,"2":2,"3":2,"4":0,"5":0,"6":0,"7":0,"8":0,"9":0,"10":0,"11":0,"12":0,"13":0,"14":0,"15":0,"16":0,"17":0,"18":1,"19":1,"20":1,"21":1,"22":1,"23":0,"24":0,"25":1},"f":{"0":3,"1":0,"2":0,"3":0,"4":0},"b":{"0":[0,0],"1":[0,0],"2":[0,0],"3":[0,0]},"_coverageSchema":"1a1c01bbd47fc00a2c39e90264f33305004495a9","hash":"98816857030f1e44c7660d42a55bbe1e4b53ce2b"}
,"C:\\Users\\scaty\\Dropbox\\Javascript\\03_Node_Matt\\06_Old_Thonrtonians\\ot_node_server\\client\\src\\components\\Login\\Error.js": {"path":"C:\\Users\\scaty\\Dropbox\\Javascript\\03_Node_Matt\\06_Old_Thonrtonians\\ot_node_server\\client\\src\\components\\Login\\Error.js","statementMap":{"0":{"start":{"line":4,"column":21},"end":{"line":10,"column":1}},"1":{"start":{"line":5,"column":2},"end":{"line":9,"column":4}},"2":{"start":{"line":12,"column":21},"end":{"line":26,"column":1}}},"fnMap":{"0":{"name":"(anonymous_0)","decl":{"start":{"line":4,"column":21},"end":{"line":4,"column":22}},"loc":{"start":{"line":4,"column":30},"end":{"line":10,"column":1}},"line":4}},"branchMap":{},"s":{"0":1,"1":0,"2":1},"f":{"0":0},"b":{},"_coverageSchema":"1a1c01bbd47fc00a2c39e90264f33305004495a9","hash":"d3d91d9f5f959763dd9cfcf922789b1dd1e942ca"}
,"C:\\Users\\scaty\\Dropbox\\Javascript\\03_Node_Matt\\06_Old_Thonrtonians\\ot_node_server\\client\\src\\components\\Login\\Errors.js": {"path":"C:\\Users\\scaty\\Dropbox\\Javascript\\03_Node_Matt\\06_Old_Thonrtonians\\ot_node_server\\client\\src\\components\\Login\\Errors.js","statementMap":{"0":{"start":{"line":4,"column":22},"end":{"line":18,"column":1}},"1":{"start":{"line":5,"column":19},"end":{"line":5,"column":31}},"2":{"start":{"line":8,"column":4},"end":{"line":15,"column":5}},"3":{"start":{"line":9,"column":8},"end":{"line":9,"column":42}},"4":{"start":{"line":11,"column":6},"end":{"line":14,"column":7}},"5":{"start":{"line":12,"column":29},"end":{"line":12,"column":38}},"6":{"start":{"line":13,"column":8},"end":{"line":13,"column":67}},"7":{"start":{"line":17,"column":4},"end":{"line":17,"column":44}}},"fnMap":{"0":{"name":"(anonymous_0)","decl":{"start":{"line":4,"column":22},"end":{"line":4,"column":23}},"loc":{"start":{"line":4,"column":31},"end":{"line":18,"column":1}},"line":4},"1":{"name":"(anonymous_1)","decl":{"start":{"line":11,"column":29},"end":{"line":11,"column":30}},"loc":{"start":{"line":11,"column":43},"end":{"line":14,"column":5}},"line":11}},"branchMap":{"0":{"loc":{"start":{"line":8,"column":4},"end":{"line":15,"column":5}},"type":"if","locations":[{"start":{"line":8,"column":4},"end":{"line":15,"column":5}},{"start":{"line":10,"column":11},"end":{"line":15,"column":5}}],"line":8}},"s":{"0":1,"1":0,"2":0,"3":0,"4":0,"5":0,"6":0,"7":0},"f":{"0":0,"1":0},"b":{"0":[0,0]},"_coverageSchema":"1a1c01bbd47fc00a2c39e90264f33305004495a9","hash":"ec08a1c62d47400adcfecd5dc93f72c7cacaf2aa"}
,"C:\\Users\\scaty\\Dropbox\\Javascript\\03_Node_Matt\\06_Old_Thonrtonians\\ot_node_server\\client\\src\\components\\Login\\authHelpers.js": {"path":"C:\\Users\\scaty\\Dropbox\\Javascript\\03_Node_Matt\\06_Old_Thonrtonians\\ot_node_server\\client\\src\\components\\Login\\authHelpers.js","statementMap":{"0":{"start":{"line":3,"column":28},"end":{"line":16,"column":1}},"1":{"start":{"line":4,"column":19},"end":{"line":4,"column":70}},"2":{"start":{"line":5,"column":17},"end":{"line":5,"column":54}},"3":{"start":{"line":7,"column":4},"end":{"line":15,"column":5}},"4":{"start":{"line":8,"column":20},"end":{"line":8,"column":64}},"5":{"start":{"line":10,"column":22},"end":{"line":10,"column":36}},"6":{"start":{"line":12,"column":8},"end":{"line":12,"column":21}},"7":{"start":{"line":14,"column":8},"end":{"line":14,"column":32}},"8":{"start":{"line":18,"column":25},"end":{"line":31,"column":1}},"9":{"start":{"line":19,"column":19},"end":{"line":19,"column":70}},"10":{"start":{"line":20,"column":17},"end":{"line":20,"column":46}},"11":{"start":{"line":22,"column":4},"end":{"line":30,"column":5}},"12":{"start":{"line":23,"column":20},"end":{"line":23,"column":62}},"13":{"start":{"line":25,"column":22},"end":{"line":25,"column":36}},"14":{"start":{"line":27,"column":8},"end":{"line":27,"column":21}},"15":{"start":{"line":29,"column":8},"end":{"line":29,"column":32}},"16":{"start":{"line":33,"column":27},"end":{"line":44,"column":1}},"17":{"start":{"line":34,"column":19},"end":{"line":34,"column":93}},"18":{"start":{"line":36,"column":4},"end":{"line":43,"column":5}},"19":{"start":{"line":37,"column":20},"end":{"line":37,"column":56}},"20":{"start":{"line":39,"column":21},"end":{"line":39,"column":29}},"21":{"start":{"line":40,"column":8},"end":{"line":40,"column":20}},"22":{"start":{"line":42,"column":8},"end":{"line":42,"column":32}},"23":{"start":{"line":46,"column":23},"end":{"line":68,"column":1}},"24":{"start":{"line":47,"column":19},"end":{"line":47,"column":57}},"25":{"start":{"line":49,"column":4},"end":{"line":67,"column":5}},"26":{"start":{"line":52,"column":8},"end":{"line":61,"column":9}},"27":{"start":{"line":54,"column":16},"end":{"line":54,"column":65}},"28":{"start":{"line":55,"column":16},"end":{"line":55,"column":22}},"29":{"start":{"line":57,"column":16},"end":{"line":57,"column":58}},"30":{"start":{"line":58,"column":16},"end":{"line":58,"column":22}},"31":{"start":{"line":60,"column":16},"end":{"line":60,"column":58}},"32":{"start":{"line":63,"column":29},"end":{"line":63,"column":42}},"33":{"start":{"line":64,"column":8},"end":{"line":64,"column":28}},"34":{"start":{"line":66,"column":8},"end":{"line":66,"column":32}}},"fnMap":{"0":{"name":"(anonymous_0)","decl":{"start":{"line":3,"column":28},"end":{"line":3,"column":29}},"loc":{"start":{"line":3,"column":59},"end":{"line":16,"column":1}},"line":3},"1":{"name":"(anonymous_1)","decl":{"start":{"line":18,"column":25},"end":{"line":18,"column":26}},"loc":{"start":{"line":18,"column":48},"end":{"line":31,"column":1}},"line":18},"2":{"name":"(anonymous_2)","decl":{"start":{"line":33,"column":27},"end":{"line":33,"column":28}},"loc":{"start":{"line":33,"column":42},"end":{"line":44,"column":1}},"line":33},"3":{"name":"(anonymous_3)","decl":{"start":{"line":46,"column":23},"end":{"line":46,"column":24}},"loc":{"start":{"line":46,"column":66},"end":{"line":68,"column":1}},"line":46}},"branchMap":{"0":{"loc":{"start":{"line":52,"column":8},"end":{"line":61,"column":9}},"type":"switch","locations":[{"start":{"line":53,"column":12},"end":{"line":55,"column":22}},{"start":{"line":56,"column":12},"end":{"line":58,"column":22}},{"start":{"line":59,"column":12},"end":{"line":60,"column":58}}],"line":52}},"s":{"0":1,"1":0,"2":0,"3":0,"4":0,"5":0,"6":0,"7":0,"8":1,"9":0,"10":0,"11":0,"12":0,"13":0,"14":0,"15":0,"16":1,"17":0,"18":0,"19":0,"20":0,"21":0,"22":0,"23":1,"24":0,"25":0,"26":0,"27":0,"28":0,"29":0,"30":0,"31":0,"32":0,"33":0,"34":0},"f":{"0":0,"1":0,"2":0,"3":0},"b":{"0":[0,0,0]},"_coverageSchema":"1a1c01bbd47fc00a2c39e90264f33305004495a9","hash":"aaf9be84a2e3e44c036c03468515c5b9a244ca5a"}
,"C:\\Users\\scaty\\Dropbox\\Javascript\\03_Node_Matt\\06_Old_Thonrtonians\\ot_node_server\\client\\src\\components\\Utilities\\Button.js": {"path":"C:\\Users\\scaty\\Dropbox\\Javascript\\03_Node_Matt\\06_Old_Thonrtonians\\ot_node_server\\client\\src\\components\\Utilities\\Button.js","statementMap":{"0":{"start":{"line":4,"column":22},"end":{"line":10,"column":1}},"1":{"start":{"line":5,"column":4},"end":{"line":9,"column":6}},"2":{"start":{"line":12,"column":19},"end":{"line":42,"column":1}}},"fnMap":{"0":{"name":"(anonymous_0)","decl":{"start":{"line":4,"column":22},"end":{"line":4,"column":23}},"loc":{"start":{"line":4,"column":31},"end":{"line":10,"column":1}},"line":4}},"branchMap":{},"s":{"0":1,"1":0,"2":1},"f":{"0":0},"b":{},"_coverageSchema":"1a1c01bbd47fc00a2c39e90264f33305004495a9","hash":"e42d7ec36943166b41870e58e301011cc4d105a9"}
,"C:\\Users\\scaty\\Dropbox\\Javascript\\03_Node_Matt\\06_Old_Thonrtonians\\ot_node_server\\client\\src\\components\\Utilities\\FormTitle.js": {"path":"C:\\Users\\scaty\\Dropbox\\Javascript\\03_Node_Matt\\06_Old_Thonrtonians\\ot_node_server\\client\\src\\components\\Utilities\\FormTitle.js","statementMap":{"0":{"start":{"line":4,"column":25},"end":{"line":10,"column":1}},"1":{"start":{"line":5,"column":2},"end":{"line":9,"column":4}},"2":{"start":{"line":12,"column":18},"end":{"line":28,"column":1}}},"fnMap":{"0":{"name":"(anonymous_0)","decl":{"start":{"line":4,"column":25},"end":{"line":4,"column":26}},"loc":{"start":{"line":4,"column":34},"end":{"line":10,"column":1}},"line":4}},"branchMap":{},"s":{"0":1,"1":0,"2":1},"f":{"0":0},"b":{},"_coverageSchema":"1a1c01bbd47fc00a2c39e90264f33305004495a9","hash":"7b64824704a461ade03ac2c91b9ebd4366e62dd4"}
}
